  
  D:\CSC3150-Assignments\Assignment4\Assignment4>"C:\Program Files\NVIDIA GPU Computing Toolkit\CUDA\v10.0\bin\nvcc.exe" -ccbin "C:\Program Files (x86)\Microsoft Visual Studio 14.0\VC\bin\x86_amd64" -x cu  -I"C:\Program Files\NVIDIA GPU Computing Toolkit\CUDA\v10.0\include" -I"C:\Program Files\NVIDIA GPU Computing Toolkit\CUDA\v10.0\include"  -G   --keep-dir x64\Debug -maxrregcount=0  --machine 64 --compile   -g   -DWIN32 -DWIN64 -D_DEBUG -D_CONSOLE -D_MBCS -Xcompiler "/EHsc /W3 /nologo /Od  /FS /Zi /RTC1 /MDd " -o x64\Debug\file_system.cu.obj "D:\CSC3150-Assignments\Assignment4\Assignment4\file_system.cu" -clean 
  file_system.cu
  
  D:\CSC3150-Assignments\Assignment4\Assignment4>"C:\Program Files\NVIDIA GPU Computing Toolkit\CUDA\v10.0\bin\nvcc.exe" -ccbin "C:\Program Files (x86)\Microsoft Visual Studio 14.0\VC\bin\x86_amd64" -x cu  -I"C:\Program Files\NVIDIA GPU Computing Toolkit\CUDA\v10.0\include" -I"C:\Program Files\NVIDIA GPU Computing Toolkit\CUDA\v10.0\include"  -G   --keep-dir x64\Debug -maxrregcount=0  --machine 64 --compile   -g   -DWIN32 -DWIN64 -D_DEBUG -D_CONSOLE -D_MBCS -Xcompiler "/EHsc /W3 /nologo /Od  /FS /Zi /RTC1 /MDd " -o x64\Debug\main.cu.obj "D:\CSC3150-Assignments\Assignment4\Assignment4\main.cu" -clean 
  main.cu
  
  D:\CSC3150-Assignments\Assignment4\Assignment4>"C:\Program Files\NVIDIA GPU Computing Toolkit\CUDA\v10.0\bin\nvcc.exe" -ccbin "C:\Program Files (x86)\Microsoft Visual Studio 14.0\VC\bin\x86_amd64" -x cu  -I"C:\Program Files\NVIDIA GPU Computing Toolkit\CUDA\v10.0\include" -I"C:\Program Files\NVIDIA GPU Computing Toolkit\CUDA\v10.0\include"  -G   --keep-dir x64\Debug -maxrregcount=0  --machine 64 --compile   -g   -DWIN32 -DWIN64 -D_DEBUG -D_CONSOLE -D_MBCS -Xcompiler "/EHsc /W3 /nologo /Od  /FS /Zi /RTC1 /MDd " -o x64\Debug\user_program.cu.obj "D:\CSC3150-Assignments\Assignment4\Assignment4\user_program.cu" -clean 
  user_program.cu
  Compiling CUDA source file file_system.cu...
  Compiling CUDA source file user_program.cu...
  Compiling CUDA source file main.cu...
  
  D:\CSC3150-Assignments\Assignment4\Assignment4>"C:\Program Files\NVIDIA GPU Computing Toolkit\CUDA\v10.0\bin\nvcc.exe" -gencode=arch=compute_35,code=\"sm_35,compute_35\" --use-local-env -ccbin "C:\Program Files (x86)\Microsoft Visual Studio 14.0\VC\bin\x86_amd64" -x cu -rdc=true -I"C:\Program Files\NVIDIA GPU Computing Toolkit\CUDA\v10.0\include" -I"C:\Program Files\NVIDIA GPU Computing Toolkit\CUDA\v10.0\include"  -G   --keep-dir x64\Debug -maxrregcount=0  --machine 64 --compile -cudart static  -g   -DWIN32 -DWIN64 -D_DEBUG -D_CONSOLE -D_MBCS -Xcompiler "/EHsc /W3 /nologo /Od /Fdx64\Debug\vc140.pdb /FS /Zi /RTC1 /MDd " -o x64\Debug\file_system.cu.obj "D:\CSC3150-Assignments\Assignment4\Assignment4\file_system.cu" 
  
  D:\CSC3150-Assignments\Assignment4\Assignment4>"C:\Program Files\NVIDIA GPU Computing Toolkit\CUDA\v10.0\bin\nvcc.exe" -gencode=arch=compute_35,code=\"sm_35,compute_35\" --use-local-env -ccbin "C:\Program Files (x86)\Microsoft Visual Studio 14.0\VC\bin\x86_amd64" -x cu -rdc=true -I"C:\Program Files\NVIDIA GPU Computing Toolkit\CUDA\v10.0\include" -I"C:\Program Files\NVIDIA GPU Computing Toolkit\CUDA\v10.0\include"  -G   --keep-dir x64\Debug -maxrregcount=0  --machine 64 --compile -cudart static  -g   -DWIN32 -DWIN64 -D_DEBUG -D_CONSOLE -D_MBCS -Xcompiler "/EHsc /W3 /nologo /Od /Fdx64\Debug\vc140.pdb /FS /Zi /RTC1 /MDd " -o x64\Debug\user_program.cu.obj "D:\CSC3150-Assignments\Assignment4\Assignment4\user_program.cu" 
  
  D:\CSC3150-Assignments\Assignment4\Assignment4>"C:\Program Files\NVIDIA GPU Computing Toolkit\CUDA\v10.0\bin\nvcc.exe" -gencode=arch=compute_35,code=\"sm_35,compute_35\" --use-local-env -ccbin "C:\Program Files (x86)\Microsoft Visual Studio 14.0\VC\bin\x86_amd64" -x cu -rdc=true -I"C:\Program Files\NVIDIA GPU Computing Toolkit\CUDA\v10.0\include" -I"C:\Program Files\NVIDIA GPU Computing Toolkit\CUDA\v10.0\include"  -G   --keep-dir x64\Debug -maxrregcount=0  --machine 64 --compile -cudart static  -g   -DWIN32 -DWIN64 -D_DEBUG -D_CONSOLE -D_MBCS -Xcompiler "/EHsc /W3 /nologo /Od /Fdx64\Debug\vc140.pdb /FS /Zi /RTC1 /MDd " -o x64\Debug\main.cu.obj "D:\CSC3150-Assignments\Assignment4\Assignment4\main.cu" 
c:\program files\nvidia gpu computing toolkit\cuda\v10.0\include\crt\math_functions.h : warning C4819: 该文件包含不能在当前代码页(936)中表示的字符。请将该文件保存为 Unicode 格式以防止数据丢失
c:\program files\nvidia gpu computing toolkit\cuda\v10.0\include\crt\math_functions.h(825): warning C4819: 该文件包含不能在当前代码页(936)中表示的字符。请将该文件保存为 Unicode 格式以防止数据丢失
c:\program files\nvidia gpu computing toolkit\cuda\v10.0\include\crt\math_functions.h(1760): warning C4819: 该文件包含不能在当前代码页(936)中表示的字符。请将该文件保存为 Unicode 格式以防止数据丢失
c:\program files\nvidia gpu computing toolkit\cuda\v10.0\include\crt\math_functions.h(2622): warning C4819: 该文件包含不能在当前代码页(936)中表示的字符。请将该文件保存为 Unicode 格式以防止数据丢失
c:\program files\nvidia gpu computing toolkit\cuda\v10.0\include\crt\math_functions.h(3461): warning C4819: 该文件包含不能在当前代码页(936)中表示的字符。请将该文件保存为 Unicode 格式以防止数据丢失
c:\program files\nvidia gpu computing toolkit\cuda\v10.0\include\crt\math_functions.h(4404): warning C4819: 该文件包含不能在当前代码页(936)中表示的字符。请将该文件保存为 Unicode 格式以防止数据丢失
c:\program files\nvidia gpu computing toolkit\cuda\v10.0\include\crt\math_functions.h(5302): warning C4819: 该文件包含不能在当前代码页(936)中表示的字符。请将该文件保存为 Unicode 格式以防止数据丢失
c:\program files\nvidia gpu computing toolkit\cuda\v10.0\include\crt\math_functions.h(6213): warning C4819: 该文件包含不能在当前代码页(936)中表示的字符。请将该文件保存为 Unicode 格式以防止数据丢失
c:\program files\nvidia gpu computing toolkit\cuda\v10.0\include\crt\math_functions.h(7094): warning C4819: 该文件包含不能在当前代码页(936)中表示的字符。请将该文件保存为 Unicode 格式以防止数据丢失
c:\program files\nvidia gpu computing toolkit\cuda\v10.0\include\crt\math_functions.h(7893): warning C4819: 该文件包含不能在当前代码页(936)中表示的字符。请将该文件保存为 Unicode 格式以防止数据丢失
c:\program files\nvidia gpu computing toolkit\cuda\v10.0\include\crt/device_functions.h : warning C4819: 该文件包含不能在当前代码页(936)中表示的字符。请将该文件保存为 Unicode 格式以防止数据丢失
c:\program files\nvidia gpu computing toolkit\cuda\v10.0\include\crt/device_functions.h(773): warning C4819: 该文件包含不能在当前代码页(936)中表示的字符。请将该文件保存为 Unicode 格式以防止数据丢失
c:\program files\nvidia gpu computing toolkit\cuda\v10.0\include\crt/device_functions.h(1629): warning C4819: 该文件包含不能在当前代码页(936)中表示的字符。请将该文件保存为 Unicode 格式以防止数据丢失
c:\program files\nvidia gpu computing toolkit\cuda\v10.0\include\crt\device_double_functions.h : warning C4819: 该文件包含不能在当前代码页(936)中表示的字符。请将该文件保存为 Unicode 格式以防止数据丢失
c:\program files\nvidia gpu computing toolkit\cuda\v10.0\include\sm_20_intrinsics.h : warning C4819: 该文件包含不能在当前代码页(936)中表示的字符。请将该文件保存为 Unicode 格式以防止数据丢失
c:\program files\nvidia gpu computing toolkit\cuda\v10.0\include\sm_20_intrinsics.h(926): warning C4819: 该文件包含不能在当前代码页(936)中表示的字符。请将该文件保存为 Unicode 格式以防止数据丢失
c:\program files\nvidia gpu computing toolkit\cuda\v10.0\include\crt\math_functions.h : warning C4819: 该文件包含不能在当前代码页(936)中表示的字符。请将该文件保存为 Unicode 格式以防止数据丢失
c:\program files\nvidia gpu computing toolkit\cuda\v10.0\include\crt\math_functions.h(825): warning C4819: 该文件包含不能在当前代码页(936)中表示的字符。请将该文件保存为 Unicode 格式以防止数据丢失
c:\program files\nvidia gpu computing toolkit\cuda\v10.0\include\crt\math_functions.h(1760): warning C4819: 该文件包含不能在当前代码页(936)中表示的字符。请将该文件保存为 Unicode 格式以防止数据丢失
c:\program files\nvidia gpu computing toolkit\cuda\v10.0\include\crt\math_functions.h(2622): warning C4819: 该文件包含不能在当前代码页(936)中表示的字符。请将该文件保存为 Unicode 格式以防止数据丢失
c:\program files\nvidia gpu computing toolkit\cuda\v10.0\include\crt\math_functions.h(3461): warning C4819: 该文件包含不能在当前代码页(936)中表示的字符。请将该文件保存为 Unicode 格式以防止数据丢失
c:\program files\nvidia gpu computing toolkit\cuda\v10.0\include\crt\math_functions.h(4404): warning C4819: 该文件包含不能在当前代码页(936)中表示的字符。请将该文件保存为 Unicode 格式以防止数据丢失
c:\program files\nvidia gpu computing toolkit\cuda\v10.0\include\crt\math_functions.h(5302): warning C4819: 该文件包含不能在当前代码页(936)中表示的字符。请将该文件保存为 Unicode 格式以防止数据丢失
c:\program files\nvidia gpu computing toolkit\cuda\v10.0\include\crt\math_functions.h(6213): warning C4819: 该文件包含不能在当前代码页(936)中表示的字符。请将该文件保存为 Unicode 格式以防止数据丢失
c:\program files\nvidia gpu computing toolkit\cuda\v10.0\include\crt\math_functions.h(7094): warning C4819: 该文件包含不能在当前代码页(936)中表示的字符。请将该文件保存为 Unicode 格式以防止数据丢失
c:\program files\nvidia gpu computing toolkit\cuda\v10.0\include\crt\math_functions.h(7893): warning C4819: 该文件包含不能在当前代码页(936)中表示的字符。请将该文件保存为 Unicode 格式以防止数据丢失
c:\program files\nvidia gpu computing toolkit\cuda\v10.0\include\crt/device_functions.h : warning C4819: 该文件包含不能在当前代码页(936)中表示的字符。请将该文件保存为 Unicode 格式以防止数据丢失
c:\program files\nvidia gpu computing toolkit\cuda\v10.0\include\crt/device_functions.h(773): warning C4819: 该文件包含不能在当前代码页(936)中表示的字符。请将该文件保存为 Unicode 格式以防止数据丢失
c:\program files\nvidia gpu computing toolkit\cuda\v10.0\include\crt/device_functions.h(1629): warning C4819: 该文件包含不能在当前代码页(936)中表示的字符。请将该文件保存为 Unicode 格式以防止数据丢失
c:\program files\nvidia gpu computing toolkit\cuda\v10.0\include\crt\device_double_functions.h : warning C4819: 该文件包含不能在当前代码页(936)中表示的字符。请将该文件保存为 Unicode 格式以防止数据丢失
c:\program files\nvidia gpu computing toolkit\cuda\v10.0\include\sm_20_intrinsics.h : warning C4819: 该文件包含不能在当前代码页(936)中表示的字符。请将该文件保存为 Unicode 格式以防止数据丢失
c:\program files\nvidia gpu computing toolkit\cuda\v10.0\include\sm_20_intrinsics.h(926): warning C4819: 该文件包含不能在当前代码页(936)中表示的字符。请将该文件保存为 Unicode 格式以防止数据丢失
c:\program files\nvidia gpu computing toolkit\cuda\v10.0\include\crt\math_functions.h : warning C4819: 该文件包含不能在当前代码页(936)中表示的字符。请将该文件保存为 Unicode 格式以防止数据丢失
c:\program files\nvidia gpu computing toolkit\cuda\v10.0\include\crt\math_functions.h(825): warning C4819: 该文件包含不能在当前代码页(936)中表示的字符。请将该文件保存为 Unicode 格式以防止数据丢失
c:\program files\nvidia gpu computing toolkit\cuda\v10.0\include\crt\math_functions.h(1760): warning C4819: 该文件包含不能在当前代码页(936)中表示的字符。请将该文件保存为 Unicode 格式以防止数据丢失
c:\program files\nvidia gpu computing toolkit\cuda\v10.0\include\crt\math_functions.h(2622): warning C4819: 该文件包含不能在当前代码页(936)中表示的字符。请将该文件保存为 Unicode 格式以防止数据丢失
c:\program files\nvidia gpu computing toolkit\cuda\v10.0\include\crt\math_functions.h(3461): warning C4819: 该文件包含不能在当前代码页(936)中表示的字符。请将该文件保存为 Unicode 格式以防止数据丢失
c:\program files\nvidia gpu computing toolkit\cuda\v10.0\include\crt\math_functions.h(4404): warning C4819: 该文件包含不能在当前代码页(936)中表示的字符。请将该文件保存为 Unicode 格式以防止数据丢失
c:\program files\nvidia gpu computing toolkit\cuda\v10.0\include\crt\math_functions.h(5302): warning C4819: 该文件包含不能在当前代码页(936)中表示的字符。请将该文件保存为 Unicode 格式以防止数据丢失
c:\program files\nvidia gpu computing toolkit\cuda\v10.0\include\crt\math_functions.h(6213): warning C4819: 该文件包含不能在当前代码页(936)中表示的字符。请将该文件保存为 Unicode 格式以防止数据丢失
c:\program files\nvidia gpu computing toolkit\cuda\v10.0\include\crt\math_functions.h(7094): warning C4819: 该文件包含不能在当前代码页(936)中表示的字符。请将该文件保存为 Unicode 格式以防止数据丢失
c:\program files\nvidia gpu computing toolkit\cuda\v10.0\include\crt\math_functions.h(7893): warning C4819: 该文件包含不能在当前代码页(936)中表示的字符。请将该文件保存为 Unicode 格式以防止数据丢失
c:\program files\nvidia gpu computing toolkit\cuda\v10.0\include\crt/device_functions.h : warning C4819: 该文件包含不能在当前代码页(936)中表示的字符。请将该文件保存为 Unicode 格式以防止数据丢失
c:\program files\nvidia gpu computing toolkit\cuda\v10.0\include\crt/device_functions.h(773): warning C4819: 该文件包含不能在当前代码页(936)中表示的字符。请将该文件保存为 Unicode 格式以防止数据丢失
c:\program files\nvidia gpu computing toolkit\cuda\v10.0\include\crt/device_functions.h(1629): warning C4819: 该文件包含不能在当前代码页(936)中表示的字符。请将该文件保存为 Unicode 格式以防止数据丢失
c:\program files\nvidia gpu computing toolkit\cuda\v10.0\include\crt\device_double_functions.h : warning C4819: 该文件包含不能在当前代码页(936)中表示的字符。请将该文件保存为 Unicode 格式以防止数据丢失
c:\program files\nvidia gpu computing toolkit\cuda\v10.0\include\sm_20_intrinsics.h : warning C4819: 该文件包含不能在当前代码页(936)中表示的字符。请将该文件保存为 Unicode 格式以防止数据丢失
c:\program files\nvidia gpu computing toolkit\cuda\v10.0\include\sm_20_intrinsics.h(926): warning C4819: 该文件包含不能在当前代码页(936)中表示的字符。请将该文件保存为 Unicode 格式以防止数据丢失
D:/CSC3150-Assignments/Assignment4/Assignment4/file_system.cu(93): warning : non-void function "fcbs_add" should return a value
D:/CSC3150-Assignments/Assignment4/Assignment4/file_system.cu(102): warning : non-void function "fcbs_add" should return a value
D:/CSC3150-Assignments/Assignment4/Assignment4/file_system.cu(126): warning : integer conversion resulted in a change of sign
D:/CSC3150-Assignments/Assignment4/Assignment4/file_system.cu(134): warning : integer conversion resulted in a change of sign
D:/CSC3150-Assignments/Assignment4/Assignment4/file_system.cu(135): warning : integer conversion resulted in a change of sign
D:/CSC3150-Assignments/Assignment4/Assignment4/file_system.cu(132): warning : variable "i" was declared but never referenced
D:/CSC3150-Assignments/Assignment4/Assignment4/file_system.cu(146): warning : integer conversion resulted in a change of sign
D:/CSC3150-Assignments/Assignment4/Assignment4/file_system.cu(150): warning : integer conversion resulted in a change of sign
D:/CSC3150-Assignments/Assignment4/Assignment4/file_system.cu(181): warning : integer conversion resulted in a change of sign
D:/CSC3150-Assignments/Assignment4/Assignment4/file_system.cu(190): warning : non-void function "fs_write" should return a value
D:/CSC3150-Assignments/Assignment4/Assignment4/file_system.cu(193): warning : integer conversion resulted in a change of sign
D:/CSC3150-Assignments/Assignment4/Assignment4/file_system.cu(207): warning : missing return statement at end of non-void function "fs_write"
D:/CSC3150-Assignments/Assignment4/Assignment4/file_system.cu(244): warning : integer conversion resulted in a change of sign
D:/CSC3150-Assignments/Assignment4/Assignment4/file_system.cu(276): warning : missing return statement at end of non-void function "fcbs_compare"
D:/CSC3150-Assignments/Assignment4/Assignment4/user_program.cu(73): warning : conversion from a string literal to "char *" is deprecated
D:/CSC3150-Assignments/Assignment4/Assignment4/user_program.cu(75): warning : conversion from a string literal to "char *" is deprecated
D:/CSC3150-Assignments/Assignment4/Assignment4/user_program.cu(78): warning : conversion from a string literal to "char *" is deprecated
D:/CSC3150-Assignments/Assignment4/Assignment4/user_program.cu(80): warning : conversion from a string literal to "char *" is deprecated
D:/CSC3150-Assignments/Assignment4/Assignment4/user_program.cu(84): warning : conversion from a string literal to "char *" is deprecated
D:/CSC3150-Assignments/Assignment4/Assignment4/user_program.cu(88): warning : conversion from a string literal to "char *" is deprecated
D:/CSC3150-Assignments/Assignment4/Assignment4/user_program.cu(146): warning : conversion from a string literal to "char *" is deprecated
D:/CSC3150-Assignments/Assignment4/Assignment4/main.cu(92): warning : conversion from a string literal to "char *" is deprecated
D:/CSC3150-Assignments/Assignment4/Assignment4/main.cu(107): warning : conversion from a string literal to "char *" is deprecated
D:/CSC3150-Assignments/Assignment4/Assignment4/main.cu(91): warning : variable "cudaStatus" was set but never used
c:\program files\nvidia gpu computing toolkit\cuda\v10.0\include\crt\math_functions.h : warning C4819: 该文件包含不能在当前代码页(936)中表示的字符。请将该文件保存为 Unicode 格式以防止数据丢失
c:\program files\nvidia gpu computing toolkit\cuda\v10.0\include\crt\math_functions.h(825): warning C4819: 该文件包含不能在当前代码页(936)中表示的字符。请将该文件保存为 Unicode 格式以防止数据丢失
c:\program files\nvidia gpu computing toolkit\cuda\v10.0\include\crt\math_functions.h(1760): warning C4819: 该文件包含不能在当前代码页(936)中表示的字符。请将该文件保存为 Unicode 格式以防止数据丢失
c:\program files\nvidia gpu computing toolkit\cuda\v10.0\include\crt\math_functions.h(2622): warning C4819: 该文件包含不能在当前代码页(936)中表示的字符。请将该文件保存为 Unicode 格式以防止数据丢失
c:\program files\nvidia gpu computing toolkit\cuda\v10.0\include\crt\math_functions.h(3461): warning C4819: 该文件包含不能在当前代码页(936)中表示的字符。请将该文件保存为 Unicode 格式以防止数据丢失
c:\program files\nvidia gpu computing toolkit\cuda\v10.0\include\crt\math_functions.h(4404): warning C4819: 该文件包含不能在当前代码页(936)中表示的字符。请将该文件保存为 Unicode 格式以防止数据丢失
c:\program files\nvidia gpu computing toolkit\cuda\v10.0\include\crt\math_functions.h(5302): warning C4819: 该文件包含不能在当前代码页(936)中表示的字符。请将该文件保存为 Unicode 格式以防止数据丢失
c:\program files\nvidia gpu computing toolkit\cuda\v10.0\include\crt\math_functions.h(6213): warning C4819: 该文件包含不能在当前代码页(936)中表示的字符。请将该文件保存为 Unicode 格式以防止数据丢失
c:\program files\nvidia gpu computing toolkit\cuda\v10.0\include\crt\math_functions.h(7094): warning C4819: 该文件包含不能在当前代码页(936)中表示的字符。请将该文件保存为 Unicode 格式以防止数据丢失
c:\program files\nvidia gpu computing toolkit\cuda\v10.0\include\crt\math_functions.h(7893): warning C4819: 该文件包含不能在当前代码页(936)中表示的字符。请将该文件保存为 Unicode 格式以防止数据丢失
c:\program files\nvidia gpu computing toolkit\cuda\v10.0\include\crt/device_functions.h : warning C4819: 该文件包含不能在当前代码页(936)中表示的字符。请将该文件保存为 Unicode 格式以防止数据丢失
c:\program files\nvidia gpu computing toolkit\cuda\v10.0\include\crt/device_functions.h(773): warning C4819: 该文件包含不能在当前代码页(936)中表示的字符。请将该文件保存为 Unicode 格式以防止数据丢失
c:\program files\nvidia gpu computing toolkit\cuda\v10.0\include\crt/device_functions.h(1629): warning C4819: 该文件包含不能在当前代码页(936)中表示的字符。请将该文件保存为 Unicode 格式以防止数据丢失
c:\program files\nvidia gpu computing toolkit\cuda\v10.0\include\crt\device_double_functions.h : warning C4819: 该文件包含不能在当前代码页(936)中表示的字符。请将该文件保存为 Unicode 格式以防止数据丢失
c:\program files\nvidia gpu computing toolkit\cuda\v10.0\include\sm_20_intrinsics.h : warning C4819: 该文件包含不能在当前代码页(936)中表示的字符。请将该文件保存为 Unicode 格式以防止数据丢失
c:\program files\nvidia gpu computing toolkit\cuda\v10.0\include\sm_20_intrinsics.h(926): warning C4819: 该文件包含不能在当前代码页(936)中表示的字符。请将该文件保存为 Unicode 格式以防止数据丢失
c:\program files\nvidia gpu computing toolkit\cuda\v10.0\include\crt\math_functions.h : warning C4819: 该文件包含不能在当前代码页(936)中表示的字符。请将该文件保存为 Unicode 格式以防止数据丢失
c:\program files\nvidia gpu computing toolkit\cuda\v10.0\include\crt\math_functions.h(825): warning C4819: 该文件包含不能在当前代码页(936)中表示的字符。请将该文件保存为 Unicode 格式以防止数据丢失
c:\program files\nvidia gpu computing toolkit\cuda\v10.0\include\crt\math_functions.h(1760): warning C4819: 该文件包含不能在当前代码页(936)中表示的字符。请将该文件保存为 Unicode 格式以防止数据丢失
c:\program files\nvidia gpu computing toolkit\cuda\v10.0\include\crt\math_functions.h(2622): warning C4819: 该文件包含不能在当前代码页(936)中表示的字符。请将该文件保存为 Unicode 格式以防止数据丢失
c:\program files\nvidia gpu computing toolkit\cuda\v10.0\include\crt\math_functions.h(3461): warning C4819: 该文件包含不能在当前代码页(936)中表示的字符。请将该文件保存为 Unicode 格式以防止数据丢失
c:\program files\nvidia gpu computing toolkit\cuda\v10.0\include\crt\math_functions.h(4404): warning C4819: 该文件包含不能在当前代码页(936)中表示的字符。请将该文件保存为 Unicode 格式以防止数据丢失
c:\program files\nvidia gpu computing toolkit\cuda\v10.0\include\crt\math_functions.h(5302): warning C4819: 该文件包含不能在当前代码页(936)中表示的字符。请将该文件保存为 Unicode 格式以防止数据丢失
c:\program files\nvidia gpu computing toolkit\cuda\v10.0\include\crt\math_functions.h(6213): warning C4819: 该文件包含不能在当前代码页(936)中表示的字符。请将该文件保存为 Unicode 格式以防止数据丢失
c:\program files\nvidia gpu computing toolkit\cuda\v10.0\include\crt\math_functions.h(7094): warning C4819: 该文件包含不能在当前代码页(936)中表示的字符。请将该文件保存为 Unicode 格式以防止数据丢失
c:\program files\nvidia gpu computing toolkit\cuda\v10.0\include\crt\math_functions.h(7893): warning C4819: 该文件包含不能在当前代码页(936)中表示的字符。请将该文件保存为 Unicode 格式以防止数据丢失
c:\program files\nvidia gpu computing toolkit\cuda\v10.0\include\crt/device_functions.h : warning C4819: 该文件包含不能在当前代码页(936)中表示的字符。请将该文件保存为 Unicode 格式以防止数据丢失
c:\program files\nvidia gpu computing toolkit\cuda\v10.0\include\crt/device_functions.h(773): warning C4819: 该文件包含不能在当前代码页(936)中表示的字符。请将该文件保存为 Unicode 格式以防止数据丢失
c:\program files\nvidia gpu computing toolkit\cuda\v10.0\include\crt/device_functions.h(1629): warning C4819: 该文件包含不能在当前代码页(936)中表示的字符。请将该文件保存为 Unicode 格式以防止数据丢失
c:\program files\nvidia gpu computing toolkit\cuda\v10.0\include\crt\device_double_functions.h : warning C4819: 该文件包含不能在当前代码页(936)中表示的字符。请将该文件保存为 Unicode 格式以防止数据丢失
c:\program files\nvidia gpu computing toolkit\cuda\v10.0\include\sm_20_intrinsics.h : warning C4819: 该文件包含不能在当前代码页(936)中表示的字符。请将该文件保存为 Unicode 格式以防止数据丢失
c:\program files\nvidia gpu computing toolkit\cuda\v10.0\include\sm_20_intrinsics.h(926): warning C4819: 该文件包含不能在当前代码页(936)中表示的字符。请将该文件保存为 Unicode 格式以防止数据丢失
c:\program files\nvidia gpu computing toolkit\cuda\v10.0\include\crt\math_functions.h : warning C4819: 该文件包含不能在当前代码页(936)中表示的字符。请将该文件保存为 Unicode 格式以防止数据丢失
c:\program files\nvidia gpu computing toolkit\cuda\v10.0\include\crt\math_functions.h(825): warning C4819: 该文件包含不能在当前代码页(936)中表示的字符。请将该文件保存为 Unicode 格式以防止数据丢失
c:\program files\nvidia gpu computing toolkit\cuda\v10.0\include\crt\math_functions.h(1760): warning C4819: 该文件包含不能在当前代码页(936)中表示的字符。请将该文件保存为 Unicode 格式以防止数据丢失
c:\program files\nvidia gpu computing toolkit\cuda\v10.0\include\crt\math_functions.h(2622): warning C4819: 该文件包含不能在当前代码页(936)中表示的字符。请将该文件保存为 Unicode 格式以防止数据丢失
c:\program files\nvidia gpu computing toolkit\cuda\v10.0\include\crt\math_functions.h(3461): warning C4819: 该文件包含不能在当前代码页(936)中表示的字符。请将该文件保存为 Unicode 格式以防止数据丢失
c:\program files\nvidia gpu computing toolkit\cuda\v10.0\include\crt\math_functions.h(4404): warning C4819: 该文件包含不能在当前代码页(936)中表示的字符。请将该文件保存为 Unicode 格式以防止数据丢失
c:\program files\nvidia gpu computing toolkit\cuda\v10.0\include\crt\math_functions.h(5302): warning C4819: 该文件包含不能在当前代码页(936)中表示的字符。请将该文件保存为 Unicode 格式以防止数据丢失
c:\program files\nvidia gpu computing toolkit\cuda\v10.0\include\crt\math_functions.h(6213): warning C4819: 该文件包含不能在当前代码页(936)中表示的字符。请将该文件保存为 Unicode 格式以防止数据丢失
c:\program files\nvidia gpu computing toolkit\cuda\v10.0\include\crt\math_functions.h(7094): warning C4819: 该文件包含不能在当前代码页(936)中表示的字符。请将该文件保存为 Unicode 格式以防止数据丢失
c:\program files\nvidia gpu computing toolkit\cuda\v10.0\include\crt\math_functions.h(7893): warning C4819: 该文件包含不能在当前代码页(936)中表示的字符。请将该文件保存为 Unicode 格式以防止数据丢失
c:\program files\nvidia gpu computing toolkit\cuda\v10.0\include\crt/device_functions.h : warning C4819: 该文件包含不能在当前代码页(936)中表示的字符。请将该文件保存为 Unicode 格式以防止数据丢失
c:\program files\nvidia gpu computing toolkit\cuda\v10.0\include\crt/device_functions.h(773): warning C4819: 该文件包含不能在当前代码页(936)中表示的字符。请将该文件保存为 Unicode 格式以防止数据丢失
c:\program files\nvidia gpu computing toolkit\cuda\v10.0\include\crt/device_functions.h(1629): warning C4819: 该文件包含不能在当前代码页(936)中表示的字符。请将该文件保存为 Unicode 格式以防止数据丢失
c:\program files\nvidia gpu computing toolkit\cuda\v10.0\include\crt\device_double_functions.h : warning C4819: 该文件包含不能在当前代码页(936)中表示的字符。请将该文件保存为 Unicode 格式以防止数据丢失
c:\program files\nvidia gpu computing toolkit\cuda\v10.0\include\sm_20_intrinsics.h : warning C4819: 该文件包含不能在当前代码页(936)中表示的字符。请将该文件保存为 Unicode 格式以防止数据丢失
c:\program files\nvidia gpu computing toolkit\cuda\v10.0\include\sm_20_intrinsics.h(926): warning C4819: 该文件包含不能在当前代码页(936)中表示的字符。请将该文件保存为 Unicode 格式以防止数据丢失
D:/CSC3150-Assignments/Assignment4/Assignment4/user_program.cu(73): warning : conversion from a string literal to "char *" is deprecated
D:/CSC3150-Assignments/Assignment4/Assignment4/user_program.cu(75): warning : conversion from a string literal to "char *" is deprecated
D:/CSC3150-Assignments/Assignment4/Assignment4/user_program.cu(78): warning : conversion from a string literal to "char *" is deprecated
D:/CSC3150-Assignments/Assignment4/Assignment4/user_program.cu(80): warning : conversion from a string literal to "char *" is deprecated
D:/CSC3150-Assignments/Assignment4/Assignment4/user_program.cu(84): warning : conversion from a string literal to "char *" is deprecated
D:/CSC3150-Assignments/Assignment4/Assignment4/user_program.cu(88): warning : conversion from a string literal to "char *" is deprecated
D:/CSC3150-Assignments/Assignment4/Assignment4/user_program.cu(146): warning : conversion from a string literal to "char *" is deprecated
  user_program.cu
D:/CSC3150-Assignments/Assignment4/Assignment4/main.cu(92): warning : conversion from a string literal to "char *" is deprecated
D:/CSC3150-Assignments/Assignment4/Assignment4/main.cu(107): warning : conversion from a string literal to "char *" is deprecated
D:/CSC3150-Assignments/Assignment4/Assignment4/file_system.cu(126): warning : integer conversion resulted in a change of sign
D:/CSC3150-Assignments/Assignment4/Assignment4/file_system.cu(134): warning : integer conversion resulted in a change of sign
D:/CSC3150-Assignments/Assignment4/Assignment4/file_system.cu(135): warning : integer conversion resulted in a change of sign
D:/CSC3150-Assignments/Assignment4/Assignment4/file_system.cu(146): warning : integer conversion resulted in a change of sign
D:/CSC3150-Assignments/Assignment4/Assignment4/file_system.cu(150): warning : integer conversion resulted in a change of sign
D:/CSC3150-Assignments/Assignment4/Assignment4/file_system.cu(181): warning : integer conversion resulted in a change of sign
D:/CSC3150-Assignments/Assignment4/Assignment4/file_system.cu(193): warning : integer conversion resulted in a change of sign
D:/CSC3150-Assignments/Assignment4/Assignment4/file_system.cu(244): warning : integer conversion resulted in a change of sign
  main.cu
  file_system.cu
c:\program files\nvidia gpu computing toolkit\cuda\v10.0\include\crt\math_functions.h : warning C4819: 该文件包含不能在当前代码页(936)中表示的字符。请将该文件保存为 Unicode 格式以防止数据丢失
c:\program files\nvidia gpu computing toolkit\cuda\v10.0\include\crt\math_functions.h(825): warning C4819: 该文件包含不能在当前代码页(936)中表示的字符。请将该文件保存为 Unicode 格式以防止数据丢失
c:\program files\nvidia gpu computing toolkit\cuda\v10.0\include\crt\math_functions.h(1760): warning C4819: 该文件包含不能在当前代码页(936)中表示的字符。请将该文件保存为 Unicode 格式以防止数据丢失
c:\program files\nvidia gpu computing toolkit\cuda\v10.0\include\crt\math_functions.h(2622): warning C4819: 该文件包含不能在当前代码页(936)中表示的字符。请将该文件保存为 Unicode 格式以防止数据丢失
c:\program files\nvidia gpu computing toolkit\cuda\v10.0\include\crt\math_functions.h(3461): warning C4819: 该文件包含不能在当前代码页(936)中表示的字符。请将该文件保存为 Unicode 格式以防止数据丢失
c:\program files\nvidia gpu computing toolkit\cuda\v10.0\include\crt\math_functions.h(4404): warning C4819: 该文件包含不能在当前代码页(936)中表示的字符。请将该文件保存为 Unicode 格式以防止数据丢失
c:\program files\nvidia gpu computing toolkit\cuda\v10.0\include\crt\math_functions.h(5302): warning C4819: 该文件包含不能在当前代码页(936)中表示的字符。请将该文件保存为 Unicode 格式以防止数据丢失
c:\program files\nvidia gpu computing toolkit\cuda\v10.0\include\crt\math_functions.h(6213): warning C4819: 该文件包含不能在当前代码页(936)中表示的字符。请将该文件保存为 Unicode 格式以防止数据丢失
c:\program files\nvidia gpu computing toolkit\cuda\v10.0\include\crt\math_functions.h(7094): warning C4819: 该文件包含不能在当前代码页(936)中表示的字符。请将该文件保存为 Unicode 格式以防止数据丢失
c:\program files\nvidia gpu computing toolkit\cuda\v10.0\include\crt\math_functions.h(7893): warning C4819: 该文件包含不能在当前代码页(936)中表示的字符。请将该文件保存为 Unicode 格式以防止数据丢失
c:\program files\nvidia gpu computing toolkit\cuda\v10.0\include\crt\math_functions.h : warning C4819: 该文件包含不能在当前代码页(936)中表示的字符。请将该文件保存为 Unicode 格式以防止数据丢失
c:\program files\nvidia gpu computing toolkit\cuda\v10.0\include\crt\math_functions.h(825): warning C4819: 该文件包含不能在当前代码页(936)中表示的字符。请将该文件保存为 Unicode 格式以防止数据丢失
c:\program files\nvidia gpu computing toolkit\cuda\v10.0\include\crt\math_functions.h(1760): warning C4819: 该文件包含不能在当前代码页(936)中表示的字符。请将该文件保存为 Unicode 格式以防止数据丢失
c:\program files\nvidia gpu computing toolkit\cuda\v10.0\include\crt\math_functions.h(2622): warning C4819: 该文件包含不能在当前代码页(936)中表示的字符。请将该文件保存为 Unicode 格式以防止数据丢失
c:\program files\nvidia gpu computing toolkit\cuda\v10.0\include\crt\math_functions.h(3461): warning C4819: 该文件包含不能在当前代码页(936)中表示的字符。请将该文件保存为 Unicode 格式以防止数据丢失
c:\program files\nvidia gpu computing toolkit\cuda\v10.0\include\crt\math_functions.h(4404): warning C4819: 该文件包含不能在当前代码页(936)中表示的字符。请将该文件保存为 Unicode 格式以防止数据丢失
c:\program files\nvidia gpu computing toolkit\cuda\v10.0\include\crt\math_functions.h(5302): warning C4819: 该文件包含不能在当前代码页(936)中表示的字符。请将该文件保存为 Unicode 格式以防止数据丢失
c:\program files\nvidia gpu computing toolkit\cuda\v10.0\include\crt\math_functions.h(6213): warning C4819: 该文件包含不能在当前代码页(936)中表示的字符。请将该文件保存为 Unicode 格式以防止数据丢失
c:\program files\nvidia gpu computing toolkit\cuda\v10.0\include\crt\math_functions.h(7094): warning C4819: 该文件包含不能在当前代码页(936)中表示的字符。请将该文件保存为 Unicode 格式以防止数据丢失
c:\program files\nvidia gpu computing toolkit\cuda\v10.0\include\crt\math_functions.h(7893): warning C4819: 该文件包含不能在当前代码页(936)中表示的字符。请将该文件保存为 Unicode 格式以防止数据丢失
c:\program files\nvidia gpu computing toolkit\cuda\v10.0\include\crt\math_functions.h : warning C4819: 该文件包含不能在当前代码页(936)中表示的字符。请将该文件保存为 Unicode 格式以防止数据丢失
c:\program files\nvidia gpu computing toolkit\cuda\v10.0\include\crt\math_functions.h(825): warning C4819: 该文件包含不能在当前代码页(936)中表示的字符。请将该文件保存为 Unicode 格式以防止数据丢失
c:\program files\nvidia gpu computing toolkit\cuda\v10.0\include\crt\math_functions.h(1760): warning C4819: 该文件包含不能在当前代码页(936)中表示的字符。请将该文件保存为 Unicode 格式以防止数据丢失
c:\program files\nvidia gpu computing toolkit\cuda\v10.0\include\crt\math_functions.h(2622): warning C4819: 该文件包含不能在当前代码页(936)中表示的字符。请将该文件保存为 Unicode 格式以防止数据丢失
c:\program files\nvidia gpu computing toolkit\cuda\v10.0\include\crt\math_functions.h(3461): warning C4819: 该文件包含不能在当前代码页(936)中表示的字符。请将该文件保存为 Unicode 格式以防止数据丢失
c:\program files\nvidia gpu computing toolkit\cuda\v10.0\include\crt\math_functions.h(4404): warning C4819: 该文件包含不能在当前代码页(936)中表示的字符。请将该文件保存为 Unicode 格式以防止数据丢失
c:\program files\nvidia gpu computing toolkit\cuda\v10.0\include\crt\math_functions.h(5302): warning C4819: 该文件包含不能在当前代码页(936)中表示的字符。请将该文件保存为 Unicode 格式以防止数据丢失
c:\program files\nvidia gpu computing toolkit\cuda\v10.0\include\crt\math_functions.h(6213): warning C4819: 该文件包含不能在当前代码页(936)中表示的字符。请将该文件保存为 Unicode 格式以防止数据丢失
c:\program files\nvidia gpu computing toolkit\cuda\v10.0\include\crt\math_functions.h(7094): warning C4819: 该文件包含不能在当前代码页(936)中表示的字符。请将该文件保存为 Unicode 格式以防止数据丢失
c:\program files\nvidia gpu computing toolkit\cuda\v10.0\include\crt\math_functions.h(7893): warning C4819: 该文件包含不能在当前代码页(936)中表示的字符。请将该文件保存为 Unicode 格式以防止数据丢失
  
  D:\CSC3150-Assignments\Assignment4\Assignment4>"C:\Program Files\NVIDIA GPU Computing Toolkit\CUDA\v10.0\bin\nvcc.exe" -dlink -o x64\Debug\Assignment4.device-link.obj -Xcompiler "/EHsc /W3 /nologo /Od /Zi /RTC1 /MDd " -L"C:\Program Files\NVIDIA GPU Computing Toolkit\CUDA\v10.0\lib\x64" cudart_static.lib kernel32.lib user32.lib gdi32.lib winspool.lib comdlg32.lib advapi32.lib shell32.lib ole32.lib oleaut32.lib uuid.lib odbc32.lib odbccp32.lib cublas.lib cuda.lib cudadevrt.lib cudart.lib OpenCL.lib  -gencode=arch=compute_35,code=sm_35 -G --machine 64 x64\Debug\file_system.cu.obj x64\Debug\main.cu.obj x64\Debug\user_program.cu.obj 
  cudart_static.lib
  kernel32.lib
  user32.lib
  gdi32.lib
  winspool.lib
  comdlg32.lib
  advapi32.lib
  shell32.lib
  ole32.lib
  oleaut32.lib
  uuid.lib
  odbc32.lib
  odbccp32.lib
  cublas.lib
  cuda.lib
  cudadevrt.lib
  cudart.lib
  OpenCL.lib
  file_system.cu.obj
  main.cu.obj
  user_program.cu.obj
    正在创建库 D:\CSC3150-Assignments\Assignment4\x64\Debug\Assignment4.lib 和对象 D:\CSC3150-Assignments\Assignment4\x64\Debug\Assignment4.exp
  Assignment4.vcxproj -> D:\CSC3150-Assignments\Assignment4\x64\Debug\Assignment4.exe
  Assignment4.vcxproj -> D:\CSC3150-Assignments\Assignment4\x64\Debug\Assignment4.pdb (Full PDB)
